<?xml version="1.0" encoding="UTF-8"?>
<testng-results total="1" passed="1" failed="0" skipped="0">
  <reporter-output>
  </reporter-output>
  <suite started-at="2020-04-07T07:00:59Z" name="Default suite" finished-at="2020-04-07T07:01:01Z" duration-ms="1592">
    <groups>
    </groups>
    <test started-at="2020-04-07T07:00:59Z" name="Default test" finished-at="2020-04-07T07:01:01Z" duration-ms="1592">
      <class name="com.json_server.tests.GetSingleResource">
        <test-method is-config="true" signature="config()[pri:0, instance:com.json_server.tests.GetSingleResource@341b80b2]" started-at="2020-04-06T23:00:59Z" name="config" finished-at="2020-04-06T23:00:59Z" duration-ms="627" status="PASS">
          <reporter-output>
          </reporter-output>
        </test-method> <!-- config -->
        <test-method signature="getSingleresourceWithInValidId()[pri:0, instance:com.json_server.tests.GetSingleResource@341b80b2]" started-at="2020-04-06T23:00:59Z" name="getSingleresourceWithInValidId" finished-at="2020-04-06T23:01:01Z" duration-ms="1575" status="PASS">
          <reporter-output>
          </reporter-output>
        </test-method> <!-- getSingleresourceWithInValidId -->
      </class> <!-- com.json_server.tests.GetSingleResource -->
    </test> <!-- Default test -->
  </suite> <!-- Default suite -->
</testng-results>
